<?xml version="1.0" encoding="UTF-8"?>
<!-- Generated by org.testng.reporters.JUnitReportReporter -->
<testsuite skipped="3" hostname="Anju" name="PG.Runner" tests="11" failures="0" timestamp="2021-10-04T19:27:48 IST" time="223.965" errors="0">
  <testcase name="TC_05_reset_password_invalid_email" time="31.520" classname="PG.Runner"/>
  <system-out/>
  <testcase name="TC_11_withoutOTP" time="9.651" classname="PG.Runner"/>
  <system-out/>
  <testcase name="TC_06_reset_password_invalid_OTP" time="18.210" classname="PG.Runner"/>
  <system-out/>
  <testcase name="TC_04_reset_password" time="80.197" classname="PG.Runner"/>
  <system-out/>
  <testcase name="TC_08_signUP" time="43.515" classname="PG.Runner"/>
  <system-out/>
  <testcase name="TC_09_invalid_email" time="7.035" classname="PG.Runner"/>
  <system-out/>
  <testcase name="TC_07_empty_email" time="7.195" classname="PG.Runner"/>
  <system-out/>
  <testcase name="TC_10_wrongOTP" time="26.642" classname="PG.Runner"/>
  <system-out/>
  <testcase name="TC_02_LoginWithPWD" classname="PG.Runner">
    <skipped/>
  </testcase> <!-- TC_02_LoginWithPWD -->
  <system-out/>
  <testcase name="TC_01_LoginWithOTP" classname="PG.Runner">
    <skipped/>
  </testcase> <!-- TC_01_LoginWithOTP -->
  <system-out/>
  <testcase name="TC_03_LoginWithWrongOTP" classname="PG.Runner">
    <skipped/>
  </testcase> <!-- TC_03_LoginWithWrongOTP -->
  <system-out/>
</testsuite> <!-- PG.Runner -->
